<?xml version="1.0" encoding="UTF-8"?>
<robot generator="Robot 5.0.1 (Python 3.10.12 on win32)" generated="20240906 11:49:49.853" rpa="false" schemaversion="3">
<suite id="s1" name="Login" source="d:\Cursos\QAx\projects\robot-actions\tests\login.robot">
<test id="s1-t1" name="Senha incorreta" line="10">
<kw name="Start Browser" library="base" type="SETUP">
<kw name="New Browser">
<arg>browser=${BROWSER}</arg>
<arg>headless=${IS_HEADLESS}</arg>
<msg timestamp="20240906 11:49:49.986" level="FAIL">No keyword with name 'New Browser' found.</msg>
<status status="FAIL" starttime="20240906 11:49:49.985" endtime="20240906 11:49:49.987"/>
</kw>
<kw name="New Page">
<arg>${BASE_URL}</arg>
<status status="NOT RUN" starttime="20240906 11:49:49.987" endtime="20240906 11:49:49.987"/>
</kw>
<status status="FAIL" starttime="20240906 11:49:49.983" endtime="20240906 11:49:49.987"/>
</kw>
<kw name="Finish Browser" library="base" type="TEARDOWN">
<kw name="Take Screenshot">
<arg>fullPage=true</arg>
<msg timestamp="20240906 11:49:49.993" level="FAIL">No keyword with name 'Take Screenshot' found.</msg>
<status status="FAIL" starttime="20240906 11:49:49.993" endtime="20240906 11:49:49.993"/>
</kw>
<status status="FAIL" starttime="20240906 11:49:49.991" endtime="20240906 11:49:49.993">No keyword with name 'Take Screenshot' found.</status>
</kw>
<status status="FAIL" starttime="20240906 11:49:49.983" endtime="20240906 11:49:49.994">Setup failed:
No keyword with name 'New Browser' found.

Also teardown failed:
No keyword with name 'Take Screenshot' found.</status>
</test>
<doc>Su√≠te de testes de login</doc>
<status status="FAIL" starttime="20240906 11:49:49.870" endtime="20240906 11:49:49.995"/>
</suite>
<statistics>
<total>
<stat pass="0" fail="1" skip="0">All Tests</stat>
</total>
<tag>
</tag>
<suite>
<stat pass="0" fail="1" skip="0" id="s1" name="Login">Login</stat>
</suite>
</statistics>
<errors>
<msg timestamp="20240906 11:49:49.957" level="ERROR">Error in file 'd:\Cursos\QAx\projects\robot-actions\resources\base.resource' on line 4: Importing library 'Browser' failed: ImportError: cannot import name 'cygrpc' from 'grpc._cython' (C:\Users\ander\AppData\Local\Programs\Python\Python312\Lib\site-packages\grpc\_cython\__init__.py)
Traceback (most recent call last):
  File "C:\Users\ander\AppData\Local\Programs\Python\Python312\Lib\site-packages\Browser\__init__.py", line 16, in &lt;module&gt;
    from .browser import Browser
  File "C:\Users\ander\AppData\Local\Programs\Python\Python312\Lib\site-packages\Browser\browser.py", line 39, in &lt;module&gt;
    from .keywords import (
  File "C:\Users\ander\AppData\Local\Programs\Python\Python312\Lib\site-packages\Browser\keywords\__init__.py", line 20, in &lt;module&gt;
    from .getters import Getters
  File "C:\Users\ander\AppData\Local\Programs\Python\Python312\Lib\site-packages\Browser\keywords\getters.py", line 18, in &lt;module&gt;
    import grpc  # type: ignore
  File "C:\Users\ander\AppData\Local\Programs\Python\Python312\Lib\site-packages\grpc\__init__.py", line 22, in &lt;module&gt;
    from grpc import _compression
  File "C:\Users\ander\AppData\Local\Programs\Python\Python312\Lib\site-packages\grpc\_compression.py", line 20, in &lt;module&gt;
    from grpc._cython import cygrpc
PYTHONPATH:
  C:\Users\ander\AppData\Local\Programs\Python\Python312\Lib\site-packages
  c:\Users\ander\.vscode\extensions\robocorp.robotframework-lsp-1.12.0\src\robotframework_debug_adapter
  D:\Cursos\QAx\projects\robot-actions
  c:\Users\ander\.vscode\extensions\robocorp.robotframework-lsp-1.12.0\src
  c:\Users\ander\.vscode\extensions\robocorp.robotframework-lsp-1.12.0\src\robotframework_ls\vendored
  c:\ProgramData\robocorp\ht\91f7f18_b1f3c24_66529ced\python310.zip
  c:\ProgramData\robocorp\ht\91f7f18_b1f3c24_66529ced\DLLs
  c:\ProgramData\robocorp\ht\91f7f18_b1f3c24_66529ced\lib
  c:\ProgramData\robocorp\ht\91f7f18_b1f3c24_66529ced
  c:\ProgramData\robocorp\ht\91f7f18_b1f3c24_66529ced\lib\site-packages
  c:\ProgramData\robocorp\ht\91f7f18_b1f3c24_66529ced\lib\site-packages\win32
  c:\ProgramData\robocorp\ht\91f7f18_b1f3c24_66529ced\lib\site-packages\win32\lib
  c:\ProgramData\robocorp\ht\91f7f18_b1f3c24_66529ced\lib\site-packages\Pythonwin</msg>
<msg timestamp="20240906 11:49:49.977" level="ERROR">Error in file 'd:\Cursos\QAx\projects\robot-actions\resources\actions.resource' on line 4: Importing library 'Browser' failed: ImportError: cannot import name 'cygrpc' from 'grpc._cython' (C:\Users\ander\AppData\Local\Programs\Python\Python312\Lib\site-packages\grpc\_cython\__init__.py)
Traceback (most recent call last):
  File "C:\Users\ander\AppData\Local\Programs\Python\Python312\Lib\site-packages\Browser\__init__.py", line 16, in &lt;module&gt;
    from .browser import Browser
  File "C:\Users\ander\AppData\Local\Programs\Python\Python312\Lib\site-packages\Browser\browser.py", line 39, in &lt;module&gt;
    from .keywords import (
  File "C:\Users\ander\AppData\Local\Programs\Python\Python312\Lib\site-packages\Browser\keywords\__init__.py", line 20, in &lt;module&gt;
    from .getters import Getters
  File "C:\Users\ander\AppData\Local\Programs\Python\Python312\Lib\site-packages\Browser\keywords\getters.py", line 18, in &lt;module&gt;
    import grpc  # type: ignore
  File "C:\Users\ander\AppData\Local\Programs\Python\Python312\Lib\site-packages\grpc\__init__.py", line 22, in &lt;module&gt;
    from grpc import _compression
  File "C:\Users\ander\AppData\Local\Programs\Python\Python312\Lib\site-packages\grpc\_compression.py", line 20, in &lt;module&gt;
    from grpc._cython import cygrpc
PYTHONPATH:
  C:\Users\ander\AppData\Local\Programs\Python\Python312\Lib\site-packages
  c:\Users\ander\.vscode\extensions\robocorp.robotframework-lsp-1.12.0\src\robotframework_debug_adapter
  D:\Cursos\QAx\projects\robot-actions
  c:\Users\ander\.vscode\extensions\robocorp.robotframework-lsp-1.12.0\src
  c:\Users\ander\.vscode\extensions\robocorp.robotframework-lsp-1.12.0\src\robotframework_ls\vendored
  c:\ProgramData\robocorp\ht\91f7f18_b1f3c24_66529ced\python310.zip
  c:\ProgramData\robocorp\ht\91f7f18_b1f3c24_66529ced\DLLs
  c:\ProgramData\robocorp\ht\91f7f18_b1f3c24_66529ced\lib
  c:\ProgramData\robocorp\ht\91f7f18_b1f3c24_66529ced
  c:\ProgramData\robocorp\ht\91f7f18_b1f3c24_66529ced\lib\site-packages
  c:\ProgramData\robocorp\ht\91f7f18_b1f3c24_66529ced\lib\site-packages\win32
  c:\ProgramData\robocorp\ht\91f7f18_b1f3c24_66529ced\lib\site-packages\win32\lib
  c:\ProgramData\robocorp\ht\91f7f18_b1f3c24_66529ced\lib\site-packages\Pythonwin</msg>
</errors>
</robot>
