<?xml version="1.0" encoding="UTF-8"?>
<robot generator="Robot 7.0.1 (Python 3.12.5 on win32)" generated="2024-09-09T00:29:37.913913" rpa="false" schemaversion="5">
<suite id="s1" name="Tests" source="D:\Cursos\QAx\projects\robot-actions\tests">
<suite id="s1-s1" name="Login" source="D:\Cursos\QAx\projects\robot-actions\tests\login.robot">
<test id="s1-s1-t1" name="Senha incorreta" line="10">
<kw name="Start Browser" owner="base" type="SETUP">
<kw name="New Browser" owner="Browser">
<msg time="2024-09-09T00:29:38.735952" level="INFO">{"browser": "chromium", "headless": true, "chromiumSandbox": false, "devtools": false, "handleSIGHUP": true, "handleSIGINT": true, "handleSIGTERM": true, "slowMo": 0.0, "timeout": 30000.0, "tracesDir": "D:\\Cursos\\QAx\\projects\\robot-actions\\log\\browser\\traces\\603fb111-62cd-48f0-972f-821a36332ed5"}</msg>
<msg time="2024-09-09T00:29:39.445259" level="INFO">Successfully created browser with options: {"browser":"chromium","headless":true,"chromiumSandbox":false,"devtools":false,"handleSIGHUP":true,"handleSIGINT":true,"handleSIGTERM":true,"slowMo":0,"timeout":30000,"tracesDir":"D:\\Cursos\\QAx\\projects\\robot-actions\\log\\browser\\traces\\603fb111-62cd-48f0-972f-821a36332ed5"}</msg>
<arg>browser=${BROWSER}</arg>
<arg>headless=${IS_HEADLESS}</arg>
<tag>BrowserControl</tag>
<tag>Setter</tag>
<doc>Create a new playwright Browser with specified options.</doc>
<status status="PASS" start="2024-09-09T00:29:38.734955" elapsed="0.710304"/>
</kw>
<kw name="New Page" owner="Browser">
<msg time="2024-09-09T00:29:43.483667" level="INFO">Successfully initialized new page object and opened url: https://loginxp.vercel.app</msg>
<msg time="2024-09-09T00:29:43.483667" level="INFO">No context was open. New context was automatically opened when this page is created.</msg>
<arg>${BASE_URL}</arg>
<tag>BrowserControl</tag>
<tag>Setter</tag>
<doc>Open a new Page.</doc>
<status status="PASS" start="2024-09-09T00:29:39.447257" elapsed="4.036410"/>
</kw>
<status status="PASS" start="2024-09-09T00:29:38.734955" elapsed="4.748712"/>
</kw>
<kw name="Submit Credentials" owner="actions">
<kw name="Fill Text" owner="Browser">
<msg time="2024-09-09T00:29:43.484664" level="INFO">Fills the text 'qa' in the given field.</msg>
<arg>css=[name=user]</arg>
<arg>${user}</arg>
<tag>PageContent</tag>
<tag>Setter</tag>
<doc>Clears and fills the given ``txt`` into the text field found by ``selector``.</doc>
<status status="PASS" start="2024-09-09T00:29:43.483667" elapsed="0.033511"/>
</kw>
<kw name="Fill Text" owner="Browser">
<msg time="2024-09-09T00:29:43.518681" level="INFO">Fills the text '123456' in the given field.</msg>
<arg>css=[name=pass]</arg>
<arg>${pass}</arg>
<tag>PageContent</tag>
<tag>Setter</tag>
<doc>Clears and fills the given ``txt`` into the text field found by ``selector``.</doc>
<status status="PASS" start="2024-09-09T00:29:43.517178" elapsed="0.015339"/>
</kw>
<kw name="Click" owner="Browser">
<msg time="2024-09-09T00:29:43.533514" level="INFO">Clicks the element 'css=button &gt;&gt; text=Entrar'.</msg>
<arg>css=button &gt;&gt; text=Entrar</arg>
<tag>PageContent</tag>
<tag>Setter</tag>
<doc>Simulates mouse click on the element found by ``selector``.</doc>
<status status="PASS" start="2024-09-09T00:29:43.532517" elapsed="0.052700"/>
</kw>
<arg>qa</arg>
<arg>123456</arg>
<status status="PASS" start="2024-09-09T00:29:43.483667" elapsed="0.101550"/>
</kw>
<kw name="Toast have text" owner="actions">
<kw name="Set Variable" owner="BuiltIn">
<msg time="2024-09-09T00:29:43.586161" level="INFO">${selector} = div[role=status]</msg>
<var>${selector}</var>
<arg>div[role=status]</arg>
<doc>Returns the given values which can then be assigned to a variables.</doc>
<status status="PASS" start="2024-09-09T00:29:43.586161" elapsed="0.000000"/>
</kw>
<kw name="Wait For Elements State" owner="Browser">
<msg time="2024-09-09T00:29:43.594811" level="INFO">Waited for Element with selector css=div[role=status] at state visible</msg>
<arg>css=${selector}</arg>
<arg>visible</arg>
<arg>5</arg>
<tag>PageContent</tag>
<tag>Wait</tag>
<doc>Waits for the element found by ``selector`` to satisfy state option.</doc>
<status status="PASS" start="2024-09-09T00:29:43.586161" elapsed="0.008650"/>
</kw>
<kw name="Get Text" owner="Browser">
<msg time="2024-09-09T00:29:43.619294" level="INFO">Text: 'Oops! Credenciais inválidas :('</msg>
<arg>css=${selector}</arg>
<arg>equal</arg>
<arg>${target}</arg>
<tag>Assertion</tag>
<tag>Getter</tag>
<tag>PageContent</tag>
<doc>Returns text attribute of the element found by ``selector``.</doc>
<status status="PASS" start="2024-09-09T00:29:43.594811" elapsed="0.024483"/>
</kw>
<kw name="Take Screenshot" owner="Browser">
<msg time="2024-09-09T00:29:44.073688" level="INFO" html="true">&lt;/td&gt;&lt;/tr&gt;&lt;tr&gt;&lt;td colspan="3"&gt;&lt;a href="browser/screenshot/robotframework-browser-screenshot-1.png" target="_blank"&gt;&lt;img src="browser/screenshot/robotframework-browser-screenshot-1.png" width="800px"/&gt;&lt;/a&gt;</msg>
<arg>selector=${selector}</arg>
<tag>PageContent</tag>
<doc>Takes a screenshot of the current window or element and saves it to disk.</doc>
<status status="PASS" start="2024-09-09T00:29:43.619294" elapsed="0.454394"/>
</kw>
<arg>Oops! Credenciais inválidas :(</arg>
<status status="PASS" start="2024-09-09T00:29:43.586161" elapsed="0.487527"/>
</kw>
<kw name="Finish Browser" owner="base" type="TEARDOWN">
<kw name="Take Screenshot" owner="Browser">
<msg time="2024-09-09T00:29:44.219396" level="INFO" html="true">&lt;/td&gt;&lt;/tr&gt;&lt;tr&gt;&lt;td colspan="3"&gt;&lt;a href="browser/screenshot/robotframework-browser-screenshot-2.png" target="_blank"&gt;&lt;img src="browser/screenshot/robotframework-browser-screenshot-2.png" width="800px"/&gt;&lt;/a&gt;</msg>
<arg>fullPage=false</arg>
<tag>PageContent</tag>
<doc>Takes a screenshot of the current window or element and saves it to disk.</doc>
<status status="PASS" start="2024-09-09T00:29:44.074683" elapsed="0.144713"/>
</kw>
<status status="PASS" start="2024-09-09T00:29:44.073688" elapsed="0.145708"/>
</kw>
<status status="PASS" start="2024-09-09T00:29:38.732961" elapsed="5.486435"/>
</test>
<test id="s1-s1-t2" name="Usuário não cadastrado" line="14">
<kw name="Start Browser" owner="base" type="SETUP">
<kw name="New Browser" owner="Browser">
<msg time="2024-09-09T00:29:44.310349" level="INFO">Switching browser to browser=d92bf336-a7d0-405e-adb5-2e9adae67b88</msg>
<msg time="2024-09-09T00:29:44.313342" level="INFO">Successfully changed active browser: browser=d92bf336-a7d0-405e-adb5-2e9adae67b88</msg>
<msg time="2024-09-09T00:29:44.313342" level="INFO">Reusing existing browser with id: browser=d92bf336-a7d0-405e-adb5-2e9adae67b88</msg>
<arg>browser=${BROWSER}</arg>
<arg>headless=${IS_HEADLESS}</arg>
<tag>BrowserControl</tag>
<tag>Setter</tag>
<doc>Create a new playwright Browser with specified options.</doc>
<status status="PASS" start="2024-09-09T00:29:44.309353" elapsed="0.003989"/>
</kw>
<kw name="New Page" owner="Browser">
<msg time="2024-09-09T00:29:45.436443" level="INFO">Successfully initialized new page object and opened url: https://loginxp.vercel.app</msg>
<msg time="2024-09-09T00:29:45.436443" level="INFO">No context was open. New context was automatically opened when this page is created.</msg>
<arg>${BASE_URL}</arg>
<tag>BrowserControl</tag>
<tag>Setter</tag>
<doc>Open a new Page.</doc>
<status status="PASS" start="2024-09-09T00:29:44.313342" elapsed="1.123101"/>
</kw>
<status status="PASS" start="2024-09-09T00:29:44.309353" elapsed="1.127090"/>
</kw>
<kw name="Submit Credentials" owner="actions">
<kw name="Fill Text" owner="Browser">
<msg time="2024-09-09T00:29:45.437442" level="INFO">Fills the text 'teste123' in the given field.</msg>
<arg>css=[name=user]</arg>
<arg>${user}</arg>
<tag>PageContent</tag>
<tag>Setter</tag>
<doc>Clears and fills the given ``txt`` into the text field found by ``selector``.</doc>
<status status="PASS" start="2024-09-09T00:29:45.437442" elapsed="0.027153"/>
</kw>
<kw name="Fill Text" owner="Browser">
<msg time="2024-09-09T00:29:45.464595" level="INFO">Fills the text '123456' in the given field.</msg>
<arg>css=[name=pass]</arg>
<arg>${pass}</arg>
<tag>PageContent</tag>
<tag>Setter</tag>
<doc>Clears and fills the given ``txt`` into the text field found by ``selector``.</doc>
<status status="PASS" start="2024-09-09T00:29:45.464595" elapsed="0.013944"/>
</kw>
<kw name="Click" owner="Browser">
<msg time="2024-09-09T00:29:45.478539" level="INFO">Clicks the element 'css=button &gt;&gt; text=Entrar'.</msg>
<arg>css=button &gt;&gt; text=Entrar</arg>
<tag>PageContent</tag>
<tag>Setter</tag>
<doc>Simulates mouse click on the element found by ``selector``.</doc>
<status status="PASS" start="2024-09-09T00:29:45.478539" elapsed="0.056374"/>
</kw>
<arg>teste123</arg>
<arg>123456</arg>
<status status="PASS" start="2024-09-09T00:29:45.436443" elapsed="0.098470"/>
</kw>
<kw name="Toast have text" owner="actions">
<kw name="Set Variable" owner="BuiltIn">
<msg time="2024-09-09T00:29:45.535910" level="INFO">${selector} = div[role=status]</msg>
<var>${selector}</var>
<arg>div[role=status]</arg>
<doc>Returns the given values which can then be assigned to a variables.</doc>
<status status="PASS" start="2024-09-09T00:29:45.535910" elapsed="0.000000"/>
</kw>
<kw name="Wait For Elements State" owner="Browser">
<msg time="2024-09-09T00:29:45.541412" level="INFO">Waited for Element with selector css=div[role=status] at state visible</msg>
<arg>css=${selector}</arg>
<arg>visible</arg>
<arg>5</arg>
<tag>PageContent</tag>
<tag>Wait</tag>
<doc>Waits for the element found by ``selector`` to satisfy state option.</doc>
<status status="PASS" start="2024-09-09T00:29:45.535910" elapsed="0.005502"/>
</kw>
<kw name="Get Text" owner="Browser">
<msg time="2024-09-09T00:29:45.561977" level="INFO">Text: 'Oops! Credenciais inválidas :('</msg>
<arg>css=${selector}</arg>
<arg>equal</arg>
<arg>${target}</arg>
<tag>Assertion</tag>
<tag>Getter</tag>
<tag>PageContent</tag>
<doc>Returns text attribute of the element found by ``selector``.</doc>
<status status="PASS" start="2024-09-09T00:29:45.542409" elapsed="0.019568"/>
</kw>
<kw name="Take Screenshot" owner="Browser">
<msg time="2024-09-09T00:29:46.003725" level="INFO" html="true">&lt;/td&gt;&lt;/tr&gt;&lt;tr&gt;&lt;td colspan="3"&gt;&lt;a href="browser/screenshot/robotframework-browser-screenshot-3.png" target="_blank"&gt;&lt;img src="browser/screenshot/robotframework-browser-screenshot-3.png" width="800px"/&gt;&lt;/a&gt;</msg>
<arg>selector=${selector}</arg>
<tag>PageContent</tag>
<doc>Takes a screenshot of the current window or element and saves it to disk.</doc>
<status status="PASS" start="2024-09-09T00:29:45.561977" elapsed="0.441748"/>
</kw>
<arg>Oops! Credenciais inválidas :(</arg>
<status status="PASS" start="2024-09-09T00:29:45.535910" elapsed="0.467815"/>
</kw>
<kw name="Finish Browser" owner="base" type="TEARDOWN">
<kw name="Take Screenshot" owner="Browser">
<msg time="2024-09-09T00:29:46.158607" level="INFO" html="true">&lt;/td&gt;&lt;/tr&gt;&lt;tr&gt;&lt;td colspan="3"&gt;&lt;a href="browser/screenshot/robotframework-browser-screenshot-4.png" target="_blank"&gt;&lt;img src="browser/screenshot/robotframework-browser-screenshot-4.png" width="800px"/&gt;&lt;/a&gt;</msg>
<arg>fullPage=false</arg>
<tag>PageContent</tag>
<doc>Takes a screenshot of the current window or element and saves it to disk.</doc>
<status status="PASS" start="2024-09-09T00:29:46.003725" elapsed="0.154882"/>
</kw>
<status status="PASS" start="2024-09-09T00:29:46.003725" elapsed="0.154882"/>
</kw>
<status status="PASS" start="2024-09-09T00:29:44.304818" elapsed="1.854846"/>
</test>
<test id="s1-s1-t3" name="Usuário deve ser obrigatório" line="18">
<kw name="Start Browser" owner="base" type="SETUP">
<kw name="New Browser" owner="Browser">
<msg time="2024-09-09T00:29:46.195594" level="INFO">Switching browser to browser=d92bf336-a7d0-405e-adb5-2e9adae67b88</msg>
<msg time="2024-09-09T00:29:46.197588" level="INFO">Successfully changed active browser: browser=d92bf336-a7d0-405e-adb5-2e9adae67b88</msg>
<msg time="2024-09-09T00:29:46.198585" level="INFO">Reusing existing browser with id: browser=d92bf336-a7d0-405e-adb5-2e9adae67b88</msg>
<arg>browser=${BROWSER}</arg>
<arg>headless=${IS_HEADLESS}</arg>
<tag>BrowserControl</tag>
<tag>Setter</tag>
<doc>Create a new playwright Browser with specified options.</doc>
<status status="PASS" start="2024-09-09T00:29:46.195594" elapsed="0.002991"/>
</kw>
<kw name="New Page" owner="Browser">
<msg time="2024-09-09T00:29:47.307615" level="INFO">Successfully initialized new page object and opened url: https://loginxp.vercel.app</msg>
<msg time="2024-09-09T00:29:47.307615" level="INFO">No context was open. New context was automatically opened when this page is created.</msg>
<arg>${BASE_URL}</arg>
<tag>BrowserControl</tag>
<tag>Setter</tag>
<doc>Open a new Page.</doc>
<status status="PASS" start="2024-09-09T00:29:46.199095" elapsed="1.108520"/>
</kw>
<status status="PASS" start="2024-09-09T00:29:46.194599" elapsed="1.113016"/>
</kw>
<kw name="Submit Credentials" owner="actions">
<kw name="Fill Text" owner="Browser">
<msg time="2024-09-09T00:29:47.308612" level="INFO">Fills the text '' in the given field.</msg>
<arg>css=[name=user]</arg>
<arg>${user}</arg>
<tag>PageContent</tag>
<tag>Setter</tag>
<doc>Clears and fills the given ``txt`` into the text field found by ``selector``.</doc>
<status status="PASS" start="2024-09-09T00:29:47.308612" elapsed="0.026154"/>
</kw>
<kw name="Fill Text" owner="Browser">
<msg time="2024-09-09T00:29:47.334766" level="INFO">Fills the text '123456' in the given field.</msg>
<arg>css=[name=pass]</arg>
<arg>${pass}</arg>
<tag>PageContent</tag>
<tag>Setter</tag>
<doc>Clears and fills the given ``txt`` into the text field found by ``selector``.</doc>
<status status="PASS" start="2024-09-09T00:29:47.334766" elapsed="0.011993"/>
</kw>
<kw name="Click" owner="Browser">
<msg time="2024-09-09T00:29:47.347756" level="INFO">Clicks the element 'css=button &gt;&gt; text=Entrar'.</msg>
<arg>css=button &gt;&gt; text=Entrar</arg>
<tag>PageContent</tag>
<tag>Setter</tag>
<doc>Simulates mouse click on the element found by ``selector``.</doc>
<status status="PASS" start="2024-09-09T00:29:47.347756" elapsed="0.049478"/>
</kw>
<arg>${EMPTY}</arg>
<arg>123456</arg>
<status status="PASS" start="2024-09-09T00:29:47.308612" elapsed="0.088622"/>
</kw>
<kw name="Toast have text" owner="actions">
<kw name="Set Variable" owner="BuiltIn">
<msg time="2024-09-09T00:29:47.397234" level="INFO">${selector} = div[role=status]</msg>
<var>${selector}</var>
<arg>div[role=status]</arg>
<doc>Returns the given values which can then be assigned to a variables.</doc>
<status status="PASS" start="2024-09-09T00:29:47.397234" elapsed="0.000000"/>
</kw>
<kw name="Wait For Elements State" owner="Browser">
<msg time="2024-09-09T00:29:47.403764" level="INFO">Waited for Element with selector css=div[role=status] at state visible</msg>
<arg>css=${selector}</arg>
<arg>visible</arg>
<arg>5</arg>
<tag>PageContent</tag>
<tag>Wait</tag>
<doc>Waits for the element found by ``selector`` to satisfy state option.</doc>
<status status="PASS" start="2024-09-09T00:29:47.397234" elapsed="0.006530"/>
</kw>
<kw name="Get Text" owner="Browser">
<msg time="2024-09-09T00:29:47.421753" level="INFO">Text: 'Informe o seu nome de usuário!'</msg>
<arg>css=${selector}</arg>
<arg>equal</arg>
<arg>${target}</arg>
<tag>Assertion</tag>
<tag>Getter</tag>
<tag>PageContent</tag>
<doc>Returns text attribute of the element found by ``selector``.</doc>
<status status="PASS" start="2024-09-09T00:29:47.403764" elapsed="0.017989"/>
</kw>
<kw name="Take Screenshot" owner="Browser">
<msg time="2024-09-09T00:29:47.869403" level="INFO" html="true">&lt;/td&gt;&lt;/tr&gt;&lt;tr&gt;&lt;td colspan="3"&gt;&lt;a href="browser/screenshot/robotframework-browser-screenshot-5.png" target="_blank"&gt;&lt;img src="browser/screenshot/robotframework-browser-screenshot-5.png" width="800px"/&gt;&lt;/a&gt;</msg>
<arg>selector=${selector}</arg>
<tag>PageContent</tag>
<doc>Takes a screenshot of the current window or element and saves it to disk.</doc>
<status status="PASS" start="2024-09-09T00:29:47.421753" elapsed="0.447650"/>
</kw>
<arg>Informe o seu nome de usuário!</arg>
<status status="PASS" start="2024-09-09T00:29:47.397234" elapsed="0.472169"/>
</kw>
<kw name="Finish Browser" owner="base" type="TEARDOWN">
<kw name="Take Screenshot" owner="Browser">
<msg time="2024-09-09T00:29:48.016795" level="INFO" html="true">&lt;/td&gt;&lt;/tr&gt;&lt;tr&gt;&lt;td colspan="3"&gt;&lt;a href="browser/screenshot/robotframework-browser-screenshot-6.png" target="_blank"&gt;&lt;img src="browser/screenshot/robotframework-browser-screenshot-6.png" width="800px"/&gt;&lt;/a&gt;</msg>
<arg>fullPage=false</arg>
<tag>PageContent</tag>
<doc>Takes a screenshot of the current window or element and saves it to disk.</doc>
<status status="PASS" start="2024-09-09T00:29:47.870407" elapsed="0.147893"/>
</kw>
<status status="PASS" start="2024-09-09T00:29:47.870407" elapsed="0.147893"/>
</kw>
<status status="PASS" start="2024-09-09T00:29:46.191607" elapsed="1.826693"/>
</test>
<test id="s1-s1-t4" name="Senha deve ser obrigatória" line="22">
<kw name="Start Browser" owner="base" type="SETUP">
<kw name="New Browser" owner="Browser">
<msg time="2024-09-09T00:29:48.051901" level="INFO">Switching browser to browser=d92bf336-a7d0-405e-adb5-2e9adae67b88</msg>
<msg time="2024-09-09T00:29:48.055041" level="INFO">Successfully changed active browser: browser=d92bf336-a7d0-405e-adb5-2e9adae67b88</msg>
<msg time="2024-09-09T00:29:48.056039" level="INFO">Reusing existing browser with id: browser=d92bf336-a7d0-405e-adb5-2e9adae67b88</msg>
<arg>browser=${BROWSER}</arg>
<arg>headless=${IS_HEADLESS}</arg>
<tag>BrowserControl</tag>
<tag>Setter</tag>
<doc>Create a new playwright Browser with specified options.</doc>
<status status="PASS" start="2024-09-09T00:29:48.049908" elapsed="0.006131"/>
</kw>
<kw name="New Page" owner="Browser">
<msg time="2024-09-09T00:29:49.233605" level="INFO">Successfully initialized new page object and opened url: https://loginxp.vercel.app</msg>
<msg time="2024-09-09T00:29:49.233605" level="INFO">No context was open. New context was automatically opened when this page is created.</msg>
<arg>${BASE_URL}</arg>
<tag>BrowserControl</tag>
<tag>Setter</tag>
<doc>Open a new Page.</doc>
<status status="PASS" start="2024-09-09T00:29:48.056039" elapsed="1.177566"/>
</kw>
<status status="PASS" start="2024-09-09T00:29:48.049908" elapsed="1.183697"/>
</kw>
<kw name="Submit Credentials" owner="actions">
<kw name="Fill Text" owner="Browser">
<msg time="2024-09-09T00:29:49.239096" level="INFO">Fills the text 'teste123' in the given field.</msg>
<arg>css=[name=user]</arg>
<arg>${user}</arg>
<tag>PageContent</tag>
<tag>Setter</tag>
<doc>Clears and fills the given ``txt`` into the text field found by ``selector``.</doc>
<status status="PASS" start="2024-09-09T00:29:49.237591" elapsed="0.061976"/>
</kw>
<kw name="Fill Text" owner="Browser">
<msg time="2024-09-09T00:29:49.300564" level="INFO">Fills the text '' in the given field.</msg>
<arg>css=[name=pass]</arg>
<arg>${pass}</arg>
<tag>PageContent</tag>
<tag>Setter</tag>
<doc>Clears and fills the given ``txt`` into the text field found by ``selector``.</doc>
<status status="PASS" start="2024-09-09T00:29:49.299567" elapsed="0.027084"/>
</kw>
<kw name="Click" owner="Browser">
<msg time="2024-09-09T00:29:49.328161" level="INFO">Clicks the element 'css=button &gt;&gt; text=Entrar'.</msg>
<arg>css=button &gt;&gt; text=Entrar</arg>
<tag>PageContent</tag>
<tag>Setter</tag>
<doc>Simulates mouse click on the element found by ``selector``.</doc>
<status status="PASS" start="2024-09-09T00:29:49.327651" elapsed="0.079517"/>
</kw>
<arg>teste123</arg>
<arg>${EMPTY}</arg>
<status status="PASS" start="2024-09-09T00:29:49.235599" elapsed="0.171569"/>
</kw>
<kw name="Toast have text" owner="actions">
<kw name="Set Variable" owner="BuiltIn">
<msg time="2024-09-09T00:29:49.407168" level="INFO">${selector} = div[role=status]</msg>
<var>${selector}</var>
<arg>div[role=status]</arg>
<doc>Returns the given values which can then be assigned to a variables.</doc>
<status status="PASS" start="2024-09-09T00:29:49.407168" elapsed="0.000000"/>
</kw>
<kw name="Wait For Elements State" owner="Browser">
<msg time="2024-09-09T00:29:49.419365" level="INFO">Waited for Element with selector css=div[role=status] at state visible</msg>
<arg>css=${selector}</arg>
<arg>visible</arg>
<arg>5</arg>
<tag>PageContent</tag>
<tag>Wait</tag>
<doc>Waits for the element found by ``selector`` to satisfy state option.</doc>
<status status="PASS" start="2024-09-09T00:29:49.407168" elapsed="0.012197"/>
</kw>
<kw name="Get Text" owner="Browser">
<msg time="2024-09-09T00:29:49.466858" level="INFO">Text: 'Informe a sua senha secreta!'</msg>
<arg>css=${selector}</arg>
<arg>equal</arg>
<arg>${target}</arg>
<tag>Assertion</tag>
<tag>Getter</tag>
<tag>PageContent</tag>
<doc>Returns text attribute of the element found by ``selector``.</doc>
<status status="PASS" start="2024-09-09T00:29:49.419365" elapsed="0.047493"/>
</kw>
<kw name="Take Screenshot" owner="Browser">
<msg time="2024-09-09T00:29:49.918623" level="INFO" html="true">&lt;/td&gt;&lt;/tr&gt;&lt;tr&gt;&lt;td colspan="3"&gt;&lt;a href="browser/screenshot/robotframework-browser-screenshot-7.png" target="_blank"&gt;&lt;img src="browser/screenshot/robotframework-browser-screenshot-7.png" width="800px"/&gt;&lt;/a&gt;</msg>
<arg>selector=${selector}</arg>
<tag>PageContent</tag>
<doc>Takes a screenshot of the current window or element and saves it to disk.</doc>
<status status="PASS" start="2024-09-09T00:29:49.466858" elapsed="0.453038"/>
</kw>
<arg>Informe a sua senha secreta!</arg>
<status status="PASS" start="2024-09-09T00:29:49.407168" elapsed="0.512728"/>
</kw>
<kw name="Finish Browser" owner="base" type="TEARDOWN">
<kw name="Take Screenshot" owner="Browser">
<msg time="2024-09-09T00:29:50.070812" level="INFO" html="true">&lt;/td&gt;&lt;/tr&gt;&lt;tr&gt;&lt;td colspan="3"&gt;&lt;a href="browser/screenshot/robotframework-browser-screenshot-8.png" target="_blank"&gt;&lt;img src="browser/screenshot/robotframework-browser-screenshot-8.png" width="800px"/&gt;&lt;/a&gt;</msg>
<arg>fullPage=false</arg>
<tag>PageContent</tag>
<doc>Takes a screenshot of the current window or element and saves it to disk.</doc>
<status status="PASS" start="2024-09-09T00:29:49.919896" elapsed="0.151915"/>
</kw>
<status status="PASS" start="2024-09-09T00:29:49.919896" elapsed="0.151915"/>
</kw>
<status status="PASS" start="2024-09-09T00:29:48.046513" elapsed="2.025298"/>
</test>
<test id="s1-s1-t5" name="Login com sucesso" line="26">
<kw name="Start Browser" owner="base" type="SETUP">
<kw name="New Browser" owner="Browser">
<msg time="2024-09-09T00:29:50.106569" level="INFO">Switching browser to browser=d92bf336-a7d0-405e-adb5-2e9adae67b88</msg>
<msg time="2024-09-09T00:29:50.109846" level="INFO">Successfully changed active browser: browser=d92bf336-a7d0-405e-adb5-2e9adae67b88</msg>
<msg time="2024-09-09T00:29:50.109846" level="INFO">Reusing existing browser with id: browser=d92bf336-a7d0-405e-adb5-2e9adae67b88</msg>
<arg>browser=${BROWSER}</arg>
<arg>headless=${IS_HEADLESS}</arg>
<tag>BrowserControl</tag>
<tag>Setter</tag>
<doc>Create a new playwright Browser with specified options.</doc>
<status status="PASS" start="2024-09-09T00:29:50.106569" elapsed="0.003277"/>
</kw>
<kw name="New Page" owner="Browser">
<msg time="2024-09-09T00:29:51.255440" level="INFO">Successfully initialized new page object and opened url: https://loginxp.vercel.app</msg>
<msg time="2024-09-09T00:29:51.255440" level="INFO">No context was open. New context was automatically opened when this page is created.</msg>
<arg>${BASE_URL}</arg>
<tag>BrowserControl</tag>
<tag>Setter</tag>
<doc>Open a new Page.</doc>
<status status="PASS" start="2024-09-09T00:29:50.109846" elapsed="1.146596"/>
</kw>
<status status="PASS" start="2024-09-09T00:29:50.106569" elapsed="1.149873"/>
</kw>
<kw name="Submit Credentials" owner="actions">
<kw name="Fill Text" owner="Browser">
<msg time="2024-09-09T00:29:51.262927" level="INFO">Fills the text 'qa' in the given field.</msg>
<arg>css=[name=user]</arg>
<arg>${user}</arg>
<tag>PageContent</tag>
<tag>Setter</tag>
<doc>Clears and fills the given ``txt`` into the text field found by ``selector``.</doc>
<status status="PASS" start="2024-09-09T00:29:51.259933" elapsed="0.123793"/>
</kw>
<kw name="Fill Text" owner="Browser">
<msg time="2024-09-09T00:29:51.385713" level="INFO">Fills the text 'xperience' in the given field.</msg>
<arg>css=[name=pass]</arg>
<arg>${pass}</arg>
<tag>PageContent</tag>
<tag>Setter</tag>
<doc>Clears and fills the given ``txt`` into the text field found by ``selector``.</doc>
<status status="PASS" start="2024-09-09T00:29:51.383726" elapsed="0.046025"/>
</kw>
<kw name="Click" owner="Browser">
<msg time="2024-09-09T00:29:51.430751" level="INFO">Clicks the element 'css=button &gt;&gt; text=Entrar'.</msg>
<arg>css=button &gt;&gt; text=Entrar</arg>
<tag>PageContent</tag>
<tag>Setter</tag>
<doc>Simulates mouse click on the element found by ``selector``.</doc>
<status status="PASS" start="2024-09-09T00:29:51.429751" elapsed="0.094910"/>
</kw>
<arg>qa</arg>
<arg>xperience</arg>
<status status="PASS" start="2024-09-09T00:29:51.257433" elapsed="0.267228"/>
</kw>
<kw name=" Modal have text" owner="actions">
<kw name="Set Variable" owner="BuiltIn">
<msg time="2024-09-09T00:29:51.525657" level="INFO">${ele} = css=#swal2-title</msg>
<var>${ele}</var>
<arg>css=#swal2-title</arg>
<doc>Returns the given values which can then be assigned to a variables.</doc>
<status status="PASS" start="2024-09-09T00:29:51.525657" elapsed="0.000000"/>
</kw>
<kw name="Wait For Elements State" owner="Browser">
<msg time="2024-09-09T00:29:51.539429" level="INFO">Waited for Element with selector css=#swal2-title at state visible</msg>
<arg>${ele}</arg>
<arg>visible</arg>
<arg>5</arg>
<tag>PageContent</tag>
<tag>Wait</tag>
<doc>Waits for the element found by ``selector`` to satisfy state option.</doc>
<status status="PASS" start="2024-09-09T00:29:51.526654" elapsed="0.012775"/>
</kw>
<kw name="Get Text" owner="Browser">
<msg time="2024-09-09T00:29:51.572205" level="INFO">Text: 'Tudo certo!'</msg>
<arg>${ele}</arg>
<arg>equal</arg>
<arg>${target}</arg>
<tag>Assertion</tag>
<tag>Getter</tag>
<tag>PageContent</tag>
<doc>Returns text attribute of the element found by ``selector``.</doc>
<status status="PASS" start="2024-09-09T00:29:51.540424" elapsed="0.032778"/>
</kw>
<arg>Tudo certo!</arg>
<status status="PASS" start="2024-09-09T00:29:51.525657" elapsed="0.047545"/>
</kw>
<kw name="Finish Browser" owner="base" type="TEARDOWN">
<kw name="Take Screenshot" owner="Browser">
<msg time="2024-09-09T00:29:51.752637" level="INFO" html="true">&lt;/td&gt;&lt;/tr&gt;&lt;tr&gt;&lt;td colspan="3"&gt;&lt;a href="browser/screenshot/robotframework-browser-screenshot-9.png" target="_blank"&gt;&lt;img src="browser/screenshot/robotframework-browser-screenshot-9.png" width="800px"/&gt;&lt;/a&gt;</msg>
<arg>fullPage=false</arg>
<tag>PageContent</tag>
<doc>Takes a screenshot of the current window or element and saves it to disk.</doc>
<status status="PASS" start="2024-09-09T00:29:51.574199" elapsed="0.178438"/>
</kw>
<status status="PASS" start="2024-09-09T00:29:51.574199" elapsed="0.178438"/>
</kw>
<tag>smoke</tag>
<status status="PASS" start="2024-09-09T00:29:50.102582" elapsed="1.650055"/>
</test>
<doc>Suíte de testes de login</doc>
<status status="PASS" start="2024-09-09T00:29:37.940856" elapsed="13.865853"/>
</suite>
<status status="PASS" start="2024-09-09T00:29:37.915914" elapsed="13.896768"/>
</suite>
<statistics>
<total>
<stat pass="5" fail="0" skip="0">All Tests</stat>
</total>
<tag>
<stat pass="1" fail="0" skip="0">smoke</stat>
</tag>
<suite>
<stat pass="5" fail="0" skip="0" id="s1" name="Tests">Tests</stat>
<stat pass="5" fail="0" skip="0" id="s1-s1" name="Login">Tests.Login</stat>
</suite>
</statistics>
<errors>
</errors>
</robot>
