<?xml version="1.0" encoding="UTF-8"?>
<robot generator="Robot 7.0.1 (Python 3.12.5 on win32)" generated="2024-09-07T08:40:16.847224" rpa="false" schemaversion="5">
<suite id="s1" name="Tests" source="D:\Cursos\QAx\projects\robot-actions\tests">
<suite id="s1-s1" name="Login" source="D:\Cursos\QAx\projects\robot-actions\tests\login.robot">
<test id="s1-s1-t1" name="Senha incorreta" line="10">
<kw name="Start Browser" owner="base" type="SETUP">
<kw name="New Browser" owner="Browser">
<msg time="2024-09-07T08:40:17.862844" level="INFO">{"browser": "chromium", "headless": true, "chromiumSandbox": false, "devtools": false, "handleSIGHUP": true, "handleSIGINT": true, "handleSIGTERM": true, "slowMo": 0.0, "timeout": 30000.0, "tracesDir": "D:\\Cursos\\QAx\\projects\\robot-actions\\log\\browser\\traces\\efc810db-1d36-49ac-8a95-9058594b4f6f"}</msg>
<msg time="2024-09-07T08:40:19.147515" level="INFO">Successfully created browser with options: {"browser":"chromium","headless":true,"chromiumSandbox":false,"devtools":false,"handleSIGHUP":true,"handleSIGINT":true,"handleSIGTERM":true,"slowMo":0,"timeout":30000,"tracesDir":"D:\\Cursos\\QAx\\projects\\robot-actions\\log\\browser\\traces\\efc810db-1d36-49ac-8a95-9058594b4f6f"}</msg>
<arg>browser=${BROWSER}</arg>
<arg>headless=${IS_HEADLESS}</arg>
<tag>BrowserControl</tag>
<tag>Setter</tag>
<doc>Create a new playwright Browser with specified options.</doc>
<status status="PASS" start="2024-09-07T08:40:17.862341" elapsed="1.285174"/>
</kw>
<kw name="New Page" owner="Browser">
<msg time="2024-09-07T08:40:23.635714" level="INFO">Successfully initialized new page object and opened url: https://loginxp.vercel.app</msg>
<msg time="2024-09-07T08:40:23.635714" level="INFO">No context was open. New context was automatically opened when this page is created.</msg>
<arg>${BASE_URL}</arg>
<tag>BrowserControl</tag>
<tag>Setter</tag>
<doc>Open a new Page.</doc>
<status status="PASS" start="2024-09-07T08:40:19.148513" elapsed="4.487201"/>
</kw>
<status status="PASS" start="2024-09-07T08:40:17.861346" elapsed="5.775368"/>
</kw>
<kw name="Submit Credentials" owner="actions">
<kw name="Fill Text" owner="Browser">
<msg time="2024-09-07T08:40:23.637711" level="INFO">Fills the text 'qa' in the given field.</msg>
<arg>css=[name=user]</arg>
<arg>${user}</arg>
<tag>PageContent</tag>
<tag>Setter</tag>
<doc>Clears and fills the given ``txt`` into the text field found by ``selector``.</doc>
<status status="PASS" start="2024-09-07T08:40:23.636714" elapsed="0.035342"/>
</kw>
<kw name="Fill Text" owner="Browser">
<msg time="2024-09-07T08:40:23.672056" level="INFO">Fills the text '123456' in the given field.</msg>
<arg>css=[name=pass]</arg>
<arg>${pass}</arg>
<tag>PageContent</tag>
<tag>Setter</tag>
<doc>Clears and fills the given ``txt`` into the text field found by ``selector``.</doc>
<status status="PASS" start="2024-09-07T08:40:23.672056" elapsed="0.013053"/>
</kw>
<kw name="Click" owner="Browser">
<msg time="2024-09-07T08:40:23.686105" level="INFO">Clicks the element 'css=button &gt;&gt; text=Entrar'.</msg>
<arg>css=button &gt;&gt; text=Entrar</arg>
<tag>PageContent</tag>
<tag>Setter</tag>
<doc>Simulates mouse click on the element found by ``selector``.</doc>
<status status="PASS" start="2024-09-07T08:40:23.685109" elapsed="0.052749"/>
</kw>
<arg>qa</arg>
<arg>123456</arg>
<status status="PASS" start="2024-09-07T08:40:23.636714" elapsed="0.101144"/>
</kw>
<kw name="Toast have text" owner="actions">
<kw name="Set Variable" owner="BuiltIn">
<msg time="2024-09-07T08:40:23.738849" level="INFO">${selector} = div[role=status]</msg>
<var>${selector}</var>
<arg>div[role=status]</arg>
<doc>Returns the given values which can then be assigned to a variables.</doc>
<status status="PASS" start="2024-09-07T08:40:23.738849" elapsed="0.000000"/>
</kw>
<kw name="Wait For Elements State" owner="Browser">
<msg time="2024-09-07T08:40:23.746688" level="INFO">Waited for Element with selector css=div[role=status] at state visible</msg>
<arg>css=${selector}</arg>
<arg>visible</arg>
<arg>5</arg>
<tag>PageContent</tag>
<tag>Wait</tag>
<doc>Waits for the element found by ``selector`` to satisfy state option.</doc>
<status status="PASS" start="2024-09-07T08:40:23.738849" elapsed="0.007839"/>
</kw>
<kw name="Get Text" owner="Browser">
<msg time="2024-09-07T08:40:23.772246" level="INFO">Text: 'Oops! Credenciais inválidas :('</msg>
<arg>css=${selector}</arg>
<arg>equal</arg>
<arg>${target}</arg>
<tag>Assertion</tag>
<tag>Getter</tag>
<tag>PageContent</tag>
<doc>Returns text attribute of the element found by ``selector``.</doc>
<status status="PASS" start="2024-09-07T08:40:23.746688" elapsed="0.025558"/>
</kw>
<kw name="Take Screenshot" owner="Browser">
<msg time="2024-09-07T08:40:24.225904" level="INFO" html="true">&lt;/td&gt;&lt;/tr&gt;&lt;tr&gt;&lt;td colspan="3"&gt;&lt;a href="browser/screenshot/robotframework-browser-screenshot-1.png" target="_blank"&gt;&lt;img src="browser/screenshot/robotframework-browser-screenshot-1.png" width="800px"/&gt;&lt;/a&gt;</msg>
<arg>selector=${selector}</arg>
<tag>PageContent</tag>
<doc>Takes a screenshot of the current window or element and saves it to disk.</doc>
<status status="PASS" start="2024-09-07T08:40:23.772749" elapsed="0.454167"/>
</kw>
<arg>Oops! Credenciais inválidas :(</arg>
<status status="PASS" start="2024-09-07T08:40:23.737858" elapsed="0.489058"/>
</kw>
<kw name="Finish Browser" owner="base" type="TEARDOWN">
<kw name="Take Screenshot" owner="Browser">
<msg time="2024-09-07T08:40:24.372784" level="INFO" html="true">&lt;/td&gt;&lt;/tr&gt;&lt;tr&gt;&lt;td colspan="3"&gt;&lt;a href="browser/screenshot/robotframework-browser-screenshot-2.png" target="_blank"&gt;&lt;img src="browser/screenshot/robotframework-browser-screenshot-2.png" width="800px"/&gt;&lt;/a&gt;</msg>
<arg>fullPage=false</arg>
<tag>PageContent</tag>
<doc>Takes a screenshot of the current window or element and saves it to disk.</doc>
<status status="PASS" start="2024-09-07T08:40:24.226916" elapsed="0.145868"/>
</kw>
<status status="PASS" start="2024-09-07T08:40:24.226916" elapsed="0.145868"/>
</kw>
<status status="PASS" start="2024-09-07T08:40:17.858355" elapsed="6.514429"/>
</test>
<test id="s1-s1-t2" name="Usuário não cadastrado" line="14">
<kw name="Start Browser" owner="base" type="SETUP">
<kw name="New Browser" owner="Browser">
<msg time="2024-09-07T08:40:24.412969" level="INFO">Switching browser to browser=4ddf1e64-f6b2-406b-a1d7-1e71f53f6ead</msg>
<msg time="2024-09-07T08:40:24.414974" level="INFO">Successfully changed active browser: browser=4ddf1e64-f6b2-406b-a1d7-1e71f53f6ead</msg>
<msg time="2024-09-07T08:40:24.414974" level="INFO">Reusing existing browser with id: browser=4ddf1e64-f6b2-406b-a1d7-1e71f53f6ead</msg>
<arg>browser=${BROWSER}</arg>
<arg>headless=${IS_HEADLESS}</arg>
<tag>BrowserControl</tag>
<tag>Setter</tag>
<doc>Create a new playwright Browser with specified options.</doc>
<status status="PASS" start="2024-09-07T08:40:24.412969" elapsed="0.002005"/>
</kw>
<kw name="New Page" owner="Browser">
<msg time="2024-09-07T08:40:25.492695" level="INFO">Successfully initialized new page object and opened url: https://loginxp.vercel.app</msg>
<msg time="2024-09-07T08:40:25.492695" level="INFO">No context was open. New context was automatically opened when this page is created.</msg>
<arg>${BASE_URL}</arg>
<tag>BrowserControl</tag>
<tag>Setter</tag>
<doc>Open a new Page.</doc>
<status status="PASS" start="2024-09-07T08:40:24.415971" elapsed="1.076724"/>
</kw>
<status status="PASS" start="2024-09-07T08:40:24.412969" elapsed="1.079726"/>
</kw>
<kw name="Submit Credentials" owner="actions">
<kw name="Fill Text" owner="Browser">
<msg time="2024-09-07T08:40:25.494173" level="INFO">Fills the text 'teste123' in the given field.</msg>
<arg>css=[name=user]</arg>
<arg>${user}</arg>
<tag>PageContent</tag>
<tag>Setter</tag>
<doc>Clears and fills the given ``txt`` into the text field found by ``selector``.</doc>
<status status="PASS" start="2024-09-07T08:40:25.492695" elapsed="0.026429"/>
</kw>
<kw name="Fill Text" owner="Browser">
<msg time="2024-09-07T08:40:25.520121" level="INFO">Fills the text '123456' in the given field.</msg>
<arg>css=[name=pass]</arg>
<arg>${pass}</arg>
<tag>PageContent</tag>
<tag>Setter</tag>
<doc>Clears and fills the given ``txt`` into the text field found by ``selector``.</doc>
<status status="PASS" start="2024-09-07T08:40:25.519124" elapsed="0.010006"/>
</kw>
<kw name="Click" owner="Browser">
<msg time="2024-09-07T08:40:25.530125" level="INFO">Clicks the element 'css=button &gt;&gt; text=Entrar'.</msg>
<arg>css=button &gt;&gt; text=Entrar</arg>
<tag>PageContent</tag>
<tag>Setter</tag>
<doc>Simulates mouse click on the element found by ``selector``.</doc>
<status status="PASS" start="2024-09-07T08:40:25.530125" elapsed="0.038547"/>
</kw>
<arg>teste123</arg>
<arg>123456</arg>
<status status="PASS" start="2024-09-07T08:40:25.492695" elapsed="0.077034"/>
</kw>
<kw name="Toast have text" owner="actions">
<kw name="Set Variable" owner="BuiltIn">
<msg time="2024-09-07T08:40:25.570664" level="INFO">${selector} = div[role=status]</msg>
<var>${selector}</var>
<arg>div[role=status]</arg>
<doc>Returns the given values which can then be assigned to a variables.</doc>
<status status="PASS" start="2024-09-07T08:40:25.569729" elapsed="0.000935"/>
</kw>
<kw name="Wait For Elements State" owner="Browser">
<msg time="2024-09-07T08:40:25.576249" level="INFO">Waited for Element with selector css=div[role=status] at state visible</msg>
<arg>css=${selector}</arg>
<arg>visible</arg>
<arg>5</arg>
<tag>PageContent</tag>
<tag>Wait</tag>
<doc>Waits for the element found by ``selector`` to satisfy state option.</doc>
<status status="PASS" start="2024-09-07T08:40:25.570664" elapsed="0.005585"/>
</kw>
<kw name="Get Text" owner="Browser">
<msg time="2024-09-07T08:40:25.594692" level="INFO">Text: 'Oops! Credenciais inválidas :('</msg>
<arg>css=${selector}</arg>
<arg>equal</arg>
<arg>${target}</arg>
<tag>Assertion</tag>
<tag>Getter</tag>
<tag>PageContent</tag>
<doc>Returns text attribute of the element found by ``selector``.</doc>
<status status="PASS" start="2024-09-07T08:40:25.576249" elapsed="0.018443"/>
</kw>
<kw name="Take Screenshot" owner="Browser">
<msg time="2024-09-07T08:40:26.025263" level="INFO" html="true">&lt;/td&gt;&lt;/tr&gt;&lt;tr&gt;&lt;td colspan="3"&gt;&lt;a href="browser/screenshot/robotframework-browser-screenshot-3.png" target="_blank"&gt;&lt;img src="browser/screenshot/robotframework-browser-screenshot-3.png" width="800px"/&gt;&lt;/a&gt;</msg>
<arg>selector=${selector}</arg>
<tag>PageContent</tag>
<doc>Takes a screenshot of the current window or element and saves it to disk.</doc>
<status status="PASS" start="2024-09-07T08:40:25.594692" elapsed="0.430571"/>
</kw>
<arg>Oops! Credenciais inválidas :(</arg>
<status status="PASS" start="2024-09-07T08:40:25.569729" elapsed="0.455534"/>
</kw>
<kw name="Finish Browser" owner="base" type="TEARDOWN">
<kw name="Take Screenshot" owner="Browser">
<msg time="2024-09-07T08:40:26.180388" level="INFO" html="true">&lt;/td&gt;&lt;/tr&gt;&lt;tr&gt;&lt;td colspan="3"&gt;&lt;a href="browser/screenshot/robotframework-browser-screenshot-4.png" target="_blank"&gt;&lt;img src="browser/screenshot/robotframework-browser-screenshot-4.png" width="800px"/&gt;&lt;/a&gt;</msg>
<arg>fullPage=false</arg>
<tag>PageContent</tag>
<doc>Takes a screenshot of the current window or element and saves it to disk.</doc>
<status status="PASS" start="2024-09-07T08:40:26.025263" elapsed="0.155125"/>
</kw>
<status status="PASS" start="2024-09-07T08:40:26.025263" elapsed="0.155125"/>
</kw>
<status status="PASS" start="2024-09-07T08:40:24.410413" elapsed="1.769975"/>
</test>
<test id="s1-s1-t3" name="Usuário deve ser obrigatório" line="18">
<kw name="Start Browser" owner="base" type="SETUP">
<kw name="New Browser" owner="Browser">
<msg time="2024-09-07T08:40:26.216396" level="INFO">Switching browser to browser=4ddf1e64-f6b2-406b-a1d7-1e71f53f6ead</msg>
<msg time="2024-09-07T08:40:26.217394" level="INFO">Successfully changed active browser: browser=4ddf1e64-f6b2-406b-a1d7-1e71f53f6ead</msg>
<msg time="2024-09-07T08:40:26.217394" level="INFO">Reusing existing browser with id: browser=4ddf1e64-f6b2-406b-a1d7-1e71f53f6ead</msg>
<arg>browser=${BROWSER}</arg>
<arg>headless=${IS_HEADLESS}</arg>
<tag>BrowserControl</tag>
<tag>Setter</tag>
<doc>Create a new playwright Browser with specified options.</doc>
<status status="PASS" start="2024-09-07T08:40:26.215399" elapsed="0.001995"/>
</kw>
<kw name="New Page" owner="Browser">
<msg time="2024-09-07T08:40:27.322734" level="INFO">Successfully initialized new page object and opened url: https://loginxp.vercel.app</msg>
<msg time="2024-09-07T08:40:27.322734" level="INFO">No context was open. New context was automatically opened when this page is created.</msg>
<arg>${BASE_URL}</arg>
<tag>BrowserControl</tag>
<tag>Setter</tag>
<doc>Open a new Page.</doc>
<status status="PASS" start="2024-09-07T08:40:26.217394" elapsed="1.106344"/>
</kw>
<status status="PASS" start="2024-09-07T08:40:26.215399" elapsed="1.108339"/>
</kw>
<kw name="Submit Credentials" owner="actions">
<kw name="Fill Text" owner="Browser">
<msg time="2024-09-07T08:40:27.324729" level="INFO">Fills the text '' in the given field.</msg>
<arg>css=[name=user]</arg>
<arg>${user}</arg>
<tag>PageContent</tag>
<tag>Setter</tag>
<doc>Clears and fills the given ``txt`` into the text field found by ``selector``.</doc>
<status status="PASS" start="2024-09-07T08:40:27.323738" elapsed="0.028899"/>
</kw>
<kw name="Fill Text" owner="Browser">
<msg time="2024-09-07T08:40:27.353636" level="INFO">Fills the text '123456' in the given field.</msg>
<arg>css=[name=pass]</arg>
<arg>${pass}</arg>
<tag>PageContent</tag>
<tag>Setter</tag>
<doc>Clears and fills the given ``txt`` into the text field found by ``selector``.</doc>
<status status="PASS" start="2024-09-07T08:40:27.353636" elapsed="0.014482"/>
</kw>
<kw name="Click" owner="Browser">
<msg time="2024-09-07T08:40:27.369115" level="INFO">Clicks the element 'css=button &gt;&gt; text=Entrar'.</msg>
<arg>css=button &gt;&gt; text=Entrar</arg>
<tag>PageContent</tag>
<tag>Setter</tag>
<doc>Simulates mouse click on the element found by ``selector``.</doc>
<status status="PASS" start="2024-09-07T08:40:27.368118" elapsed="0.049529"/>
</kw>
<arg>${EMPTY}</arg>
<arg>123456</arg>
<status status="PASS" start="2024-09-07T08:40:27.323738" elapsed="0.094911"/>
</kw>
<kw name="Toast have text" owner="actions">
<kw name="Set Variable" owner="BuiltIn">
<msg time="2024-09-07T08:40:27.418649" level="INFO">${selector} = div[role=status]</msg>
<var>${selector}</var>
<arg>div[role=status]</arg>
<doc>Returns the given values which can then be assigned to a variables.</doc>
<status status="PASS" start="2024-09-07T08:40:27.418649" elapsed="0.000000"/>
</kw>
<kw name="Wait For Elements State" owner="Browser">
<msg time="2024-09-07T08:40:27.425484" level="INFO">Waited for Element with selector css=div[role=status] at state visible</msg>
<arg>css=${selector}</arg>
<arg>visible</arg>
<arg>5</arg>
<tag>PageContent</tag>
<tag>Wait</tag>
<doc>Waits for the element found by ``selector`` to satisfy state option.</doc>
<status status="PASS" start="2024-09-07T08:40:27.418649" elapsed="0.006835"/>
</kw>
<kw name="Get Text" owner="Browser">
<msg time="2024-09-07T08:40:27.443966" level="INFO">Text: 'Informe o seu nome de usuário!'</msg>
<arg>css=${selector}</arg>
<arg>equal</arg>
<arg>${target}</arg>
<tag>Assertion</tag>
<tag>Getter</tag>
<tag>PageContent</tag>
<doc>Returns text attribute of the element found by ``selector``.</doc>
<status status="PASS" start="2024-09-07T08:40:27.425484" elapsed="0.018482"/>
</kw>
<kw name="Take Screenshot" owner="Browser">
<msg time="2024-09-07T08:40:28.896259" level="INFO" html="true">&lt;/td&gt;&lt;/tr&gt;&lt;tr&gt;&lt;td colspan="3"&gt;&lt;a href="browser/screenshot/robotframework-browser-screenshot-5.png" target="_blank"&gt;&lt;img src="browser/screenshot/robotframework-browser-screenshot-5.png" width="800px"/&gt;&lt;/a&gt;</msg>
<arg>selector=${selector}</arg>
<tag>PageContent</tag>
<doc>Takes a screenshot of the current window or element and saves it to disk.</doc>
<status status="PASS" start="2024-09-07T08:40:27.443966" elapsed="1.452293"/>
</kw>
<arg>Informe o seu nome de usuário!</arg>
<status status="PASS" start="2024-09-07T08:40:27.418649" elapsed="1.477610"/>
</kw>
<kw name="Finish Browser" owner="base" type="TEARDOWN">
<kw name="Take Screenshot" owner="Browser">
<msg time="2024-09-07T08:40:29.056531" level="INFO" html="true">&lt;/td&gt;&lt;/tr&gt;&lt;tr&gt;&lt;td colspan="3"&gt;&lt;a href="browser/screenshot/robotframework-browser-screenshot-6.png" target="_blank"&gt;&lt;img src="browser/screenshot/robotframework-browser-screenshot-6.png" width="800px"/&gt;&lt;/a&gt;</msg>
<arg>fullPage=false</arg>
<tag>PageContent</tag>
<doc>Takes a screenshot of the current window or element and saves it to disk.</doc>
<status status="PASS" start="2024-09-07T08:40:28.897257" elapsed="0.159274"/>
</kw>
<status status="PASS" start="2024-09-07T08:40:28.897257" elapsed="0.159274"/>
</kw>
<status status="PASS" start="2024-09-07T08:40:26.213058" elapsed="2.843473"/>
</test>
<test id="s1-s1-t4" name="Senha deve ser obrigatória" line="22">
<kw name="Start Browser" owner="base" type="SETUP">
<kw name="New Browser" owner="Browser">
<msg time="2024-09-07T08:40:29.090247" level="INFO">Switching browser to browser=4ddf1e64-f6b2-406b-a1d7-1e71f53f6ead</msg>
<msg time="2024-09-07T08:40:29.091244" level="INFO">Successfully changed active browser: browser=4ddf1e64-f6b2-406b-a1d7-1e71f53f6ead</msg>
<msg time="2024-09-07T08:40:29.092241" level="INFO">Reusing existing browser with id: browser=4ddf1e64-f6b2-406b-a1d7-1e71f53f6ead</msg>
<arg>browser=${BROWSER}</arg>
<arg>headless=${IS_HEADLESS}</arg>
<tag>BrowserControl</tag>
<tag>Setter</tag>
<doc>Create a new playwright Browser with specified options.</doc>
<status status="PASS" start="2024-09-07T08:40:29.090247" elapsed="0.001994"/>
</kw>
<kw name="New Page" owner="Browser">
<msg time="2024-09-07T08:40:30.199610" level="INFO">Successfully initialized new page object and opened url: https://loginxp.vercel.app</msg>
<msg time="2024-09-07T08:40:30.199610" level="INFO">No context was open. New context was automatically opened when this page is created.</msg>
<arg>${BASE_URL}</arg>
<tag>BrowserControl</tag>
<tag>Setter</tag>
<doc>Open a new Page.</doc>
<status status="PASS" start="2024-09-07T08:40:29.092241" elapsed="1.107369"/>
</kw>
<status status="PASS" start="2024-09-07T08:40:29.089251" elapsed="1.111356"/>
</kw>
<kw name="Submit Credentials" owner="actions">
<kw name="Fill Text" owner="Browser">
<msg time="2024-09-07T08:40:30.200607" level="INFO">Fills the text 'teste123' in the given field.</msg>
<arg>css=[name=user]</arg>
<arg>${user}</arg>
<tag>PageContent</tag>
<tag>Setter</tag>
<doc>Clears and fills the given ``txt`` into the text field found by ``selector``.</doc>
<status status="PASS" start="2024-09-07T08:40:30.200607" elapsed="0.027724"/>
</kw>
<kw name="Fill Text" owner="Browser">
<msg time="2024-09-07T08:40:30.228331" level="INFO">Fills the text '' in the given field.</msg>
<arg>css=[name=pass]</arg>
<arg>${pass}</arg>
<tag>PageContent</tag>
<tag>Setter</tag>
<doc>Clears and fills the given ``txt`` into the text field found by ``selector``.</doc>
<status status="PASS" start="2024-09-07T08:40:30.228331" elapsed="0.010820"/>
</kw>
<kw name="Click" owner="Browser">
<msg time="2024-09-07T08:40:30.240148" level="INFO">Clicks the element 'css=button &gt;&gt; text=Entrar'.</msg>
<arg>css=button &gt;&gt; text=Entrar</arg>
<tag>PageContent</tag>
<tag>Setter</tag>
<doc>Simulates mouse click on the element found by ``selector``.</doc>
<status status="PASS" start="2024-09-07T08:40:30.239151" elapsed="0.045074"/>
</kw>
<arg>teste123</arg>
<arg>${EMPTY}</arg>
<status status="PASS" start="2024-09-07T08:40:30.200607" elapsed="0.083618"/>
</kw>
<kw name="Toast have text" owner="actions">
<kw name="Set Variable" owner="BuiltIn">
<msg time="2024-09-07T08:40:30.285227" level="INFO">${selector} = div[role=status]</msg>
<var>${selector}</var>
<arg>div[role=status]</arg>
<doc>Returns the given values which can then be assigned to a variables.</doc>
<status status="PASS" start="2024-09-07T08:40:30.285227" elapsed="0.000000"/>
</kw>
<kw name="Wait For Elements State" owner="Browser">
<msg time="2024-09-07T08:40:30.291202" level="INFO">Waited for Element with selector css=div[role=status] at state visible</msg>
<arg>css=${selector}</arg>
<arg>visible</arg>
<arg>5</arg>
<tag>PageContent</tag>
<tag>Wait</tag>
<doc>Waits for the element found by ``selector`` to satisfy state option.</doc>
<status status="PASS" start="2024-09-07T08:40:30.285227" elapsed="0.005975"/>
</kw>
<kw name="Get Text" owner="Browser">
<msg time="2024-09-07T08:40:30.310273" level="INFO">Text: 'Informe a sua senha secreta!'</msg>
<arg>css=${selector}</arg>
<arg>equal</arg>
<arg>${target}</arg>
<tag>Assertion</tag>
<tag>Getter</tag>
<tag>PageContent</tag>
<doc>Returns text attribute of the element found by ``selector``.</doc>
<status status="PASS" start="2024-09-07T08:40:30.291202" elapsed="0.019071"/>
</kw>
<kw name="Take Screenshot" owner="Browser">
<msg time="2024-09-07T08:40:30.739928" level="INFO" html="true">&lt;/td&gt;&lt;/tr&gt;&lt;tr&gt;&lt;td colspan="3"&gt;&lt;a href="browser/screenshot/robotframework-browser-screenshot-7.png" target="_blank"&gt;&lt;img src="browser/screenshot/robotframework-browser-screenshot-7.png" width="800px"/&gt;&lt;/a&gt;</msg>
<arg>selector=${selector}</arg>
<tag>PageContent</tag>
<doc>Takes a screenshot of the current window or element and saves it to disk.</doc>
<status status="PASS" start="2024-09-07T08:40:30.310273" elapsed="0.429655"/>
</kw>
<arg>Informe a sua senha secreta!</arg>
<status status="PASS" start="2024-09-07T08:40:30.285227" elapsed="0.455702"/>
</kw>
<kw name="Finish Browser" owner="base" type="TEARDOWN">
<kw name="Take Screenshot" owner="Browser">
<msg time="2024-09-07T08:40:30.893152" level="INFO" html="true">&lt;/td&gt;&lt;/tr&gt;&lt;tr&gt;&lt;td colspan="3"&gt;&lt;a href="browser/screenshot/robotframework-browser-screenshot-8.png" target="_blank"&gt;&lt;img src="browser/screenshot/robotframework-browser-screenshot-8.png" width="800px"/&gt;&lt;/a&gt;</msg>
<arg>fullPage=false</arg>
<tag>PageContent</tag>
<doc>Takes a screenshot of the current window or element and saves it to disk.</doc>
<status status="PASS" start="2024-09-07T08:40:30.740929" elapsed="0.153222"/>
</kw>
<status status="PASS" start="2024-09-07T08:40:30.740929" elapsed="0.153222"/>
</kw>
<status status="PASS" start="2024-09-07T08:40:29.087259" elapsed="1.806892"/>
</test>
<test id="s1-s1-t5" name="Login com sucesso" line="26">
<kw name="Start Browser" owner="base" type="SETUP">
<kw name="New Browser" owner="Browser">
<msg time="2024-09-07T08:40:30.928429" level="INFO">Switching browser to browser=4ddf1e64-f6b2-406b-a1d7-1e71f53f6ead</msg>
<msg time="2024-09-07T08:40:30.930423" level="INFO">Successfully changed active browser: browser=4ddf1e64-f6b2-406b-a1d7-1e71f53f6ead</msg>
<msg time="2024-09-07T08:40:30.930423" level="INFO">Reusing existing browser with id: browser=4ddf1e64-f6b2-406b-a1d7-1e71f53f6ead</msg>
<arg>browser=${BROWSER}</arg>
<arg>headless=${IS_HEADLESS}</arg>
<tag>BrowserControl</tag>
<tag>Setter</tag>
<doc>Create a new playwright Browser with specified options.</doc>
<status status="PASS" start="2024-09-07T08:40:30.928429" elapsed="0.001994"/>
</kw>
<kw name="New Page" owner="Browser">
<msg time="2024-09-07T08:40:31.994972" level="INFO">Successfully initialized new page object and opened url: https://loginxp.vercel.app</msg>
<msg time="2024-09-07T08:40:31.994972" level="INFO">No context was open. New context was automatically opened when this page is created.</msg>
<arg>${BASE_URL}</arg>
<tag>BrowserControl</tag>
<tag>Setter</tag>
<doc>Open a new Page.</doc>
<status status="PASS" start="2024-09-07T08:40:30.930423" elapsed="1.064549"/>
</kw>
<status status="PASS" start="2024-09-07T08:40:30.928429" elapsed="1.066543"/>
</kw>
<kw name="Submit Credentials" owner="actions">
<kw name="Fill Text" owner="Browser">
<msg time="2024-09-07T08:40:31.997961" level="INFO">Fills the text 'qa' in the given field.</msg>
<arg>css=[name=user]</arg>
<arg>${user}</arg>
<tag>PageContent</tag>
<tag>Setter</tag>
<doc>Clears and fills the given ``txt`` into the text field found by ``selector``.</doc>
<status status="PASS" start="2024-09-07T08:40:31.996963" elapsed="0.059441"/>
</kw>
<kw name="Fill Text" owner="Browser">
<msg time="2024-09-07T08:40:32.057400" level="INFO">Fills the text 'xperience' in the given field.</msg>
<arg>css=[name=pass]</arg>
<arg>${pass}</arg>
<tag>PageContent</tag>
<tag>Setter</tag>
<doc>Clears and fills the given ``txt`` into the text field found by ``selector``.</doc>
<status status="PASS" start="2024-09-07T08:40:32.056404" elapsed="0.018986"/>
</kw>
<kw name="Click" owner="Browser">
<msg time="2024-09-07T08:40:32.076386" level="INFO">Clicks the element 'css=button &gt;&gt; text=Entrar'.</msg>
<arg>css=button &gt;&gt; text=Entrar</arg>
<tag>PageContent</tag>
<tag>Setter</tag>
<doc>Simulates mouse click on the element found by ``selector``.</doc>
<status status="PASS" start="2024-09-07T08:40:32.075390" elapsed="0.098481"/>
</kw>
<arg>qa</arg>
<arg>xperience</arg>
<status status="PASS" start="2024-09-07T08:40:31.995968" elapsed="0.177903"/>
</kw>
<kw name=" Modal have text" owner="actions">
<kw name="Set Variable" owner="BuiltIn">
<msg time="2024-09-07T08:40:32.175868" level="INFO">${ele} = css=#swal2-title</msg>
<var>${ele}</var>
<arg>css=#swal2-title</arg>
<doc>Returns the given values which can then be assigned to a variables.</doc>
<status status="PASS" start="2024-09-07T08:40:32.175868" elapsed="0.000000"/>
</kw>
<kw name="Wait For Elements State" owner="Browser">
<msg time="2024-09-07T08:40:32.188368" level="INFO">Waited for Element with selector css=#swal2-title at state visible</msg>
<arg>${ele}</arg>
<arg>visible</arg>
<arg>5</arg>
<tag>PageContent</tag>
<tag>Wait</tag>
<doc>Waits for the element found by ``selector`` to satisfy state option.</doc>
<status status="PASS" start="2024-09-07T08:40:32.175868" elapsed="0.012500"/>
</kw>
<kw name="Get Text" owner="Browser">
<msg time="2024-09-07T08:40:32.228044" level="INFO">Text: 'Tudo certo!'</msg>
<arg>${ele}</arg>
<arg>equal</arg>
<arg>${target}</arg>
<tag>Assertion</tag>
<tag>Getter</tag>
<tag>PageContent</tag>
<doc>Returns text attribute of the element found by ``selector``.</doc>
<status status="PASS" start="2024-09-07T08:40:32.189363" elapsed="0.038681"/>
</kw>
<arg>Tudo certo!</arg>
<status status="PASS" start="2024-09-07T08:40:32.174872" elapsed="0.053172"/>
</kw>
<kw name="Finish Browser" owner="base" type="TEARDOWN">
<kw name="Take Screenshot" owner="Browser">
<msg time="2024-09-07T08:40:32.400723" level="INFO" html="true">&lt;/td&gt;&lt;/tr&gt;&lt;tr&gt;&lt;td colspan="3"&gt;&lt;a href="browser/screenshot/robotframework-browser-screenshot-9.png" target="_blank"&gt;&lt;img src="browser/screenshot/robotframework-browser-screenshot-9.png" width="800px"/&gt;&lt;/a&gt;</msg>
<arg>fullPage=false</arg>
<tag>PageContent</tag>
<doc>Takes a screenshot of the current window or element and saves it to disk.</doc>
<status status="PASS" start="2024-09-07T08:40:32.229040" elapsed="0.171683"/>
</kw>
<status status="PASS" start="2024-09-07T08:40:32.229040" elapsed="0.171683"/>
</kw>
<tag>smoke</tag>
<status status="PASS" start="2024-09-07T08:40:30.925906" elapsed="1.474817"/>
</test>
<doc>Suíte de testes de login</doc>
<status status="PASS" start="2024-09-07T08:40:16.874452" elapsed="15.568284"/>
</suite>
<status status="PASS" start="2024-09-07T08:40:16.849217" elapsed="15.598994"/>
</suite>
<statistics>
<total>
<stat pass="5" fail="0" skip="0">All Tests</stat>
</total>
<tag>
<stat pass="1" fail="0" skip="0">smoke</stat>
</tag>
<suite>
<stat pass="5" fail="0" skip="0" id="s1" name="Tests">Tests</stat>
<stat pass="5" fail="0" skip="0" id="s1-s1" name="Login">Tests.Login</stat>
</suite>
</statistics>
<errors>
</errors>
</robot>
